2026-03-20 12:30:47 [Grizzly-worker(2)] INFO  com.zaxxer.hikari.HikariDataSource - HikariPool-1 - Starting...
2026-03-20 12:30:48 [Grizzly-worker(2)] INFO  com.zaxxer.hikari.pool.HikariPool - HikariPool-1 - Added connection com.mysql.cj.jdbc.ConnectionImpl@55e735b5
2026-03-20 12:30:48 [Grizzly-worker(2)] INFO  com.zaxxer.hikari.HikariDataSource - HikariPool-1 - Start completed.
2026-03-20 12:39:35 [Grizzly-worker(2)] INFO  com.zaxxer.hikari.HikariDataSource - HikariPool-1 - Starting...
2026-03-20 12:39:35 [Grizzly-worker(2)] INFO  com.zaxxer.hikari.pool.HikariPool - HikariPool-1 - Added connection com.mysql.cj.jdbc.ConnectionImpl@6275d1d0
2026-03-20 12:39:35 [Grizzly-worker(2)] INFO  com.zaxxer.hikari.HikariDataSource - HikariPool-1 - Start completed.
2026-03-20 12:55:56 [HikariPool-1 housekeeper] WARN  com.zaxxer.hikari.pool.HikariPool - HikariPool-1 - Thread starvation or clock leap detected (housekeeper delta=12m51s105ms).
2026-03-20 13:06:15 [Grizzly-worker(2)] INFO  com.zaxxer.hikari.HikariDataSource - HikariPool-1 - Starting...
2026-03-20 13:06:15 [Grizzly-worker(2)] INFO  com.zaxxer.hikari.pool.HikariPool - HikariPool-1 - Added connection com.mysql.cj.jdbc.ConnectionImpl@7d88cf83
2026-03-20 13:06:15 [Grizzly-worker(2)] INFO  com.zaxxer.hikari.HikariDataSource - HikariPool-1 - Start completed.
2026-03-20 13:07:49 [Grizzly-worker(2)] INFO  com.zaxxer.hikari.HikariDataSource - HikariPool-1 - Starting...
2026-03-20 13:07:50 [Grizzly-worker(2)] INFO  com.zaxxer.hikari.pool.HikariPool - HikariPool-1 - Added connection com.mysql.cj.jdbc.ConnectionImpl@11126299
2026-03-20 13:07:50 [Grizzly-worker(2)] INFO  com.zaxxer.hikari.HikariDataSource - HikariPool-1 - Start completed.
2026-03-20 13:12:10 [Grizzly-worker(2)] INFO  com.zaxxer.hikari.HikariDataSource - HikariPool-1 - Starting...
2026-03-20 13:12:11 [Grizzly-worker(2)] INFO  com.zaxxer.hikari.pool.HikariPool - HikariPool-1 - Added connection com.mysql.cj.jdbc.ConnectionImpl@11126299
2026-03-20 13:12:11 [Grizzly-worker(2)] INFO  com.zaxxer.hikari.HikariDataSource - HikariPool-1 - Start completed.
2026-03-20 13:13:48 [Grizzly-worker(2)] INFO  com.zaxxer.hikari.HikariDataSource - HikariPool-1 - Starting...
2026-03-20 13:13:48 [Grizzly-worker(2)] INFO  com.zaxxer.hikari.pool.HikariPool - HikariPool-1 - Added connection com.mysql.cj.jdbc.ConnectionImpl@11126299
2026-03-20 13:13:48 [Grizzly-worker(2)] INFO  com.zaxxer.hikari.HikariDataSource - HikariPool-1 - Start completed.
2026-03-20 13:14:51 [Grizzly-worker(2)] INFO  com.zaxxer.hikari.HikariDataSource - HikariPool-1 - Starting...
2026-03-20 13:14:52 [Grizzly-worker(2)] INFO  com.zaxxer.hikari.pool.HikariPool - HikariPool-1 - Added connection com.mysql.cj.jdbc.ConnectionImpl@11126299
2026-03-20 13:14:52 [Grizzly-worker(2)] INFO  com.zaxxer.hikari.HikariDataSource - HikariPool-1 - Start completed.
2026-03-20 13:57:48 [HikariPool-1 housekeeper] WARN  com.zaxxer.hikari.pool.HikariPool - HikariPool-1 - Thread starvation or clock leap detected (housekeeper delta=30m25s771ms).
2026-03-20 17:54:21 [HikariPool-1 housekeeper] WARN  com.zaxxer.hikari.pool.HikariPool - HikariPool-1 - Retrograde clock change detected (housekeeper delta=29s829ms), soft-evicting connections from pool.
2026-03-20 18:38:46 [HikariPool-1 housekeeper] WARN  com.zaxxer.hikari.pool.HikariPool - HikariPool-1 - Thread starvation or clock leap detected (housekeeper delta=30m25s458ms).
2026-03-20 19:29:22 [HikariPool-1 housekeeper] WARN  com.zaxxer.hikari.pool.HikariPool - HikariPool-1 - Thread starvation or clock leap detected (housekeeper delta=8m35s196ms).
